This file contains any messages produced by compilers while
running configure, to aid debugging if configure makes a mistake.

It was created by ethercat configure 1.5.2, which was
generated by GNU Autoconf 2.69.  Invocation command line was

  $ ./configure --disable-8139too --enable-e1000e --enable-generic --enable-rtmutex --disable-eoe

## --------- ##
## Platform. ##
## --------- ##

hostname = baek
uname -m = x86_64
uname -r = 4.9.38-xenomai-3.0.5
uname -s = Linux
uname -v = #1 SMP Wed Feb 12 16:21:19 KST 2020

/usr/bin/uname -p = unknown
/bin/uname -X     = unknown

/bin/arch              = unknown
/usr/bin/arch -k       = unknown
/usr/convex/getsysinfo = unknown
/usr/bin/hostinfo      = unknown
/bin/machine           = unknown
/usr/bin/oslevel       = unknown
/bin/universe          = unknown

PATH: /usr/local/sbin
PATH: /usr/local/bin
PATH: /usr/sbin
PATH: /usr/bin
PATH: /sbin
PATH: /bin
PATH: /snap/bin
PATH: /usr/xenomai/bin
PATH: /usr/xenomai/sbin


## ----------- ##
## Core tests. ##
## ----------- ##

configure:2499: checking for a BSD-compatible install
configure:2567: result: /usr/bin/install -c
configure:2578: checking whether build environment is sane
configure:2633: result: yes
configure:2784: checking for a thread-safe mkdir -p
configure:2823: result: /bin/mkdir -p
configure:2830: checking for gawk
configure:2860: result: no
configure:2830: checking for mawk
configure:2846: found /usr/bin/mawk
configure:2857: result: mawk
configure:2868: checking whether make sets $(MAKE)
configure:2890: result: yes
configure:2919: checking whether make supports nested variables
configure:2936: result: yes
configure:3083: checking for style of include used by make
configure:3111: result: GNU
configure:3182: checking for gcc
configure:3198: found /usr/bin/gcc
configure:3209: result: gcc
configure:3438: checking for C compiler version
configure:3447: gcc --version >&5
gcc (Ubuntu 5.4.0-6ubuntu1~16.04.12) 5.4.0 20160609
Copyright (C) 2015 Free Software Foundation, Inc.
This is free software; see the source for copying conditions.  There is NO
warranty; not even for MERCHANTABILITY or FITNESS FOR A PARTICULAR PURPOSE.

configure:3458: $? = 0
configure:3447: gcc -v >&5
Using built-in specs.
COLLECT_GCC=gcc
COLLECT_LTO_WRAPPER=/usr/lib/gcc/x86_64-linux-gnu/5/lto-wrapper
Target: x86_64-linux-gnu
Configured with: ../src/configure -v --with-pkgversion='Ubuntu 5.4.0-6ubuntu1~16.04.12' --with-bugurl=file:///usr/share/doc/gcc-5/README.Bugs --enable-languages=c,ada,c++,java,go,d,fortran,objc,obj-c++ --prefix=/usr --program-suffix=-5 --enable-shared --enable-linker-build-id --libexecdir=/usr/lib --without-included-gettext --enable-threads=posix --libdir=/usr/lib --enable-nls --with-sysroot=/ --enable-clocale=gnu --enable-libstdcxx-debug --enable-libstdcxx-time=yes --with-default-libstdcxx-abi=new --enable-gnu-unique-object --disable-vtable-verify --enable-libmpx --enable-plugin --with-system-zlib --disable-browser-plugin --enable-java-awt=gtk --enable-gtk-cairo --with-java-home=/usr/lib/jvm/java-1.5.0-gcj-5-amd64/jre --enable-java-home --with-jvm-root-dir=/usr/lib/jvm/java-1.5.0-gcj-5-amd64 --with-jvm-jar-dir=/usr/lib/jvm-exports/java-1.5.0-gcj-5-amd64 --with-arch-directory=amd64 --with-ecj-jar=/usr/share/java/eclipse-ecj.jar --enable-objc-gc --enable-multiarch --disable-werror --with-arch-32=i686 --with-abi=m64 --with-multilib-list=m32,m64,mx32 --enable-multilib --with-tune=generic --enable-checking=release --build=x86_64-linux-gnu --host=x86_64-linux-gnu --target=x86_64-linux-gnu
Thread model: posix
gcc version 5.4.0 20160609 (Ubuntu 5.4.0-6ubuntu1~16.04.12) 
configure:3458: $? = 0
configure:3447: gcc -V >&5
gcc: error: unrecognized command line option '-V'
gcc: fatal error: no input files
compilation terminated.
configure:3458: $? = 1
configure:3447: gcc -qversion >&5
gcc: error: unrecognized command line option '-qversion'
gcc: fatal error: no input files
compilation terminated.
configure:3458: $? = 1
configure:3478: checking whether the C compiler works
configure:3500: gcc    conftest.c  >&5
configure:3504: $? = 0
configure:3552: result: yes
configure:3555: checking for C compiler default output file name
configure:3557: result: a.out
configure:3563: checking for suffix of executables
configure:3570: gcc -o conftest    conftest.c  >&5
configure:3574: $? = 0
configure:3596: result: 
configure:3618: checking whether we are cross compiling
configure:3626: gcc -o conftest    conftest.c  >&5
configure:3630: $? = 0
configure:3637: ./conftest
configure:3641: $? = 0
configure:3656: result: no
configure:3661: checking for suffix of object files
configure:3683: gcc -c   conftest.c >&5
configure:3687: $? = 0
configure:3708: result: o
configure:3712: checking whether we are using the GNU C compiler
configure:3731: gcc -c   conftest.c >&5
configure:3731: $? = 0
configure:3740: result: yes
configure:3749: checking whether gcc accepts -g
configure:3769: gcc -c -g  conftest.c >&5
configure:3769: $? = 0
configure:3810: result: yes
configure:3827: checking for gcc option to accept ISO C89
configure:3890: gcc  -c -g -O2  conftest.c >&5
configure:3890: $? = 0
configure:3903: result: none needed
configure:3928: checking whether gcc understands -c and -o together
configure:3950: gcc -c conftest.c -o conftest2.o
configure:3953: $? = 0
configure:3950: gcc -c conftest.c -o conftest2.o
configure:3953: $? = 0
configure:3965: result: yes
configure:3984: checking dependency style of gcc
configure:4095: result: gcc3
configure:4161: checking for ar
configure:4177: found /usr/bin/ar
configure:4188: result: ar
configure:4214: checking the archiver (ar) interface
configure:4230: gcc -c -g -O2  conftest.c >&5
configure:4230: $? = 0
configure:4232: ar cru libconftest.a conftest.o >&5
ar: `u' modifier ignored since `D' is the default (see `U')
configure:4235: $? = 0
configure:4263: result: ar
configure:4341: checking for g++
configure:4357: found /usr/bin/g++
configure:4368: result: g++
configure:4395: checking for C++ compiler version
configure:4404: g++ --version >&5
g++ (Ubuntu 5.4.0-6ubuntu1~16.04.12) 5.4.0 20160609
Copyright (C) 2015 Free Software Foundation, Inc.
This is free software; see the source for copying conditions.  There is NO
warranty; not even for MERCHANTABILITY or FITNESS FOR A PARTICULAR PURPOSE.

configure:4415: $? = 0
configure:4404: g++ -v >&5
Using built-in specs.
COLLECT_GCC=g++
COLLECT_LTO_WRAPPER=/usr/lib/gcc/x86_64-linux-gnu/5/lto-wrapper
Target: x86_64-linux-gnu
Configured with: ../src/configure -v --with-pkgversion='Ubuntu 5.4.0-6ubuntu1~16.04.12' --with-bugurl=file:///usr/share/doc/gcc-5/README.Bugs --enable-languages=c,ada,c++,java,go,d,fortran,objc,obj-c++ --prefix=/usr --program-suffix=-5 --enable-shared --enable-linker-build-id --libexecdir=/usr/lib --without-included-gettext --enable-threads=posix --libdir=/usr/lib --enable-nls --with-sysroot=/ --enable-clocale=gnu --enable-libstdcxx-debug --enable-libstdcxx-time=yes --with-default-libstdcxx-abi=new --enable-gnu-unique-object --disable-vtable-verify --enable-libmpx --enable-plugin --with-system-zlib --disable-browser-plugin --enable-java-awt=gtk --enable-gtk-cairo --with-java-home=/usr/lib/jvm/java-1.5.0-gcj-5-amd64/jre --enable-java-home --with-jvm-root-dir=/usr/lib/jvm/java-1.5.0-gcj-5-amd64 --with-jvm-jar-dir=/usr/lib/jvm-exports/java-1.5.0-gcj-5-amd64 --with-arch-directory=amd64 --with-ecj-jar=/usr/share/java/eclipse-ecj.jar --enable-objc-gc --enable-multiarch --disable-werror --with-arch-32=i686 --with-abi=m64 --with-multilib-list=m32,m64,mx32 --enable-multilib --with-tune=generic --enable-checking=release --build=x86_64-linux-gnu --host=x86_64-linux-gnu --target=x86_64-linux-gnu
Thread model: posix
gcc version 5.4.0 20160609 (Ubuntu 5.4.0-6ubuntu1~16.04.12) 
configure:4415: $? = 0
configure:4404: g++ -V >&5
g++: error: unrecognized command line option '-V'
g++: fatal error: no input files
compilation terminated.
configure:4415: $? = 1
configure:4404: g++ -qversion >&5
g++: error: unrecognized command line option '-qversion'
g++: fatal error: no input files
compilation terminated.
configure:4415: $? = 1
configure:4419: checking whether we are using the GNU C++ compiler
configure:4438: g++ -c   conftest.cpp >&5
configure:4438: $? = 0
configure:4447: result: yes
configure:4456: checking whether g++ accepts -g
configure:4476: g++ -c -g  conftest.cpp >&5
configure:4476: $? = 0
configure:4517: result: yes
configure:4542: checking dependency style of g++
configure:4653: result: gcc3
configure:4697: checking build system type
configure:4711: result: x86_64-pc-linux-gnu
configure:4731: checking host system type
configure:4744: result: x86_64-pc-linux-gnu
configure:4785: checking how to print strings
configure:4812: result: printf
configure:4833: checking for a sed that does not truncate output
configure:4897: result: /bin/sed
configure:4915: checking for grep that handles long lines and -e
configure:4973: result: /bin/grep
configure:4978: checking for egrep
configure:5040: result: /bin/grep -E
configure:5045: checking for fgrep
configure:5107: result: /bin/grep -F
configure:5142: checking for ld used by gcc
configure:5209: result: /usr/bin/ld
configure:5216: checking if the linker (/usr/bin/ld) is GNU ld
configure:5231: result: yes
configure:5243: checking for BSD- or MS-compatible name lister (nm)
configure:5297: result: /usr/bin/nm -B
configure:5427: checking the name lister (/usr/bin/nm -B) interface
configure:5434: gcc -c -g -O2  conftest.c >&5
configure:5437: /usr/bin/nm -B "conftest.o"
configure:5440: output
0000000000000000 B some_variable
configure:5447: result: BSD nm
configure:5450: checking whether ln -s works
configure:5454: result: yes
configure:5462: checking the maximum length of command line arguments
configure:5593: result: 1572864
configure:5641: checking how to convert x86_64-pc-linux-gnu file names to x86_64-pc-linux-gnu format
configure:5681: result: func_convert_file_noop
configure:5688: checking how to convert x86_64-pc-linux-gnu file names to toolchain format
configure:5708: result: func_convert_file_noop
configure:5715: checking for /usr/bin/ld option to reload object files
configure:5722: result: -r
configure:5796: checking for objdump
configure:5812: found /usr/bin/objdump
configure:5823: result: objdump
configure:5855: checking how to recognize dependent libraries
configure:6055: result: pass_all
configure:6140: checking for dlltool
configure:6170: result: no
configure:6200: checking how to associate runtime and link libraries
configure:6227: result: printf %s\n
configure:6351: checking for archiver @FILE support
configure:6368: gcc -c -g -O2  conftest.c >&5
configure:6368: $? = 0
configure:6371: ar cru libconftest.a @conftest.lst >&5
ar: `u' modifier ignored since `D' is the default (see `U')
configure:6374: $? = 0
configure:6379: ar cru libconftest.a @conftest.lst >&5
ar: `u' modifier ignored since `D' is the default (see `U')
ar: conftest.o: No such file or directory
configure:6382: $? = 1
configure:6394: result: @
configure:6452: checking for strip
configure:6468: found /usr/bin/strip
configure:6479: result: strip
configure:6551: checking for ranlib
configure:6567: found /usr/bin/ranlib
configure:6578: result: ranlib
configure:6680: checking command to parse /usr/bin/nm -B output from gcc object
configure:6833: gcc -c -g -O2  conftest.c >&5
configure:6836: $? = 0
configure:6840: /usr/bin/nm -B conftest.o \| sed -n -e 's/^.*[ ]\([ABCDGIRSTW][ABCDGIRSTW]*\)[ ][ ]*\([_A-Za-z][_A-Za-z0-9]*\)$/\1 \2 \2/p' | sed '/ __gnu_lto/d' \> conftest.nm
configure:6843: $? = 0
configure:6909: gcc -o conftest -g -O2   conftest.c conftstm.o >&5
configure:6912: $? = 0
configure:6950: result: ok
configure:6997: checking for sysroot
configure:7027: result: no
configure:7034: checking for a working dd
configure:7072: result: /bin/dd
configure:7076: checking how to truncate binary pipes
configure:7091: result: /bin/dd bs=4096 count=1
configure:7227: gcc -c -g -O2  conftest.c >&5
configure:7230: $? = 0
configure:7420: checking for mt
configure:7436: found /bin/mt
configure:7447: result: mt
configure:7470: checking if mt is a manifest tool
configure:7476: mt '-?'
configure:7484: result: no
configure:8161: checking how to run the C preprocessor
configure:8192: gcc -E  conftest.c
configure:8192: $? = 0
configure:8206: gcc -E  conftest.c
conftest.c:11:28: fatal error: ac_nonexistent.h: No such file or directory
compilation terminated.
configure:8206: $? = 1
configure: failed program was:
| /* confdefs.h */
| #define PACKAGE_NAME "ethercat"
| #define PACKAGE_TARNAME "ethercat"
| #define PACKAGE_VERSION "1.5.2"
| #define PACKAGE_STRING "ethercat 1.5.2"
| #define PACKAGE_BUGREPORT "fp@igh-essen.com"
| #define PACKAGE_URL ""
| #define PACKAGE "ethercat"
| #define VERSION "1.5.2"
| /* end confdefs.h.  */
| #include <ac_nonexistent.h>
configure:8231: result: gcc -E
configure:8251: gcc -E  conftest.c
configure:8251: $? = 0
configure:8265: gcc -E  conftest.c
conftest.c:11:28: fatal error: ac_nonexistent.h: No such file or directory
compilation terminated.
configure:8265: $? = 1
configure: failed program was:
| /* confdefs.h */
| #define PACKAGE_NAME "ethercat"
| #define PACKAGE_TARNAME "ethercat"
| #define PACKAGE_VERSION "1.5.2"
| #define PACKAGE_STRING "ethercat 1.5.2"
| #define PACKAGE_BUGREPORT "fp@igh-essen.com"
| #define PACKAGE_URL ""
| #define PACKAGE "ethercat"
| #define VERSION "1.5.2"
| /* end confdefs.h.  */
| #include <ac_nonexistent.h>
configure:8294: checking for ANSI C header files
configure:8314: gcc -c -g -O2  conftest.c >&5
configure:8314: $? = 0
configure:8387: gcc -o conftest -g -O2   conftest.c  >&5
configure:8387: $? = 0
configure:8387: ./conftest
configure:8387: $? = 0
configure:8398: result: yes
configure:8411: checking for sys/types.h
configure:8411: gcc -c -g -O2  conftest.c >&5
configure:8411: $? = 0
configure:8411: result: yes
configure:8411: checking for sys/stat.h
configure:8411: gcc -c -g -O2  conftest.c >&5
configure:8411: $? = 0
configure:8411: result: yes
configure:8411: checking for stdlib.h
configure:8411: gcc -c -g -O2  conftest.c >&5
configure:8411: $? = 0
configure:8411: result: yes
configure:8411: checking for string.h
configure:8411: gcc -c -g -O2  conftest.c >&5
configure:8411: $? = 0
configure:8411: result: yes
configure:8411: checking for memory.h
configure:8411: gcc -c -g -O2  conftest.c >&5
configure:8411: $? = 0
configure:8411: result: yes
configure:8411: checking for strings.h
configure:8411: gcc -c -g -O2  conftest.c >&5
configure:8411: $? = 0
configure:8411: result: yes
configure:8411: checking for inttypes.h
configure:8411: gcc -c -g -O2  conftest.c >&5
configure:8411: $? = 0
configure:8411: result: yes
configure:8411: checking for stdint.h
configure:8411: gcc -c -g -O2  conftest.c >&5
configure:8411: $? = 0
configure:8411: result: yes
configure:8411: checking for unistd.h
configure:8411: gcc -c -g -O2  conftest.c >&5
configure:8411: $? = 0
configure:8411: result: yes
configure:8425: checking for dlfcn.h
configure:8425: gcc -c -g -O2  conftest.c >&5
configure:8425: $? = 0
configure:8425: result: yes
configure:8692: checking for objdir
configure:8707: result: .libs
configure:8971: checking if gcc supports -fno-rtti -fno-exceptions
configure:8989: gcc -c -g -O2  -fno-rtti -fno-exceptions conftest.c >&5
cc1: warning: command line option '-fno-rtti' is valid for C++/ObjC++ but not for C
configure:8993: $? = 0
configure:9006: result: no
configure:9364: checking for gcc option to produce PIC
configure:9371: result: -fPIC -DPIC
configure:9379: checking if gcc PIC flag -fPIC -DPIC works
configure:9397: gcc -c -g -O2  -fPIC -DPIC -DPIC conftest.c >&5
configure:9401: $? = 0
configure:9414: result: yes
configure:9443: checking if gcc static flag -static works
configure:9471: result: yes
configure:9486: checking if gcc supports -c -o file.o
configure:9507: gcc -c -g -O2  -o out/conftest2.o conftest.c >&5
configure:9511: $? = 0
configure:9533: result: yes
configure:9541: checking if gcc supports -c -o file.o
configure:9588: result: yes
configure:9621: checking whether the gcc linker (/usr/bin/ld -m elf_x86_64) supports shared libraries
configure:10884: result: yes
configure:10921: checking whether -lc should be explicitly linked in
configure:10929: gcc -c -g -O2  conftest.c >&5
configure:10932: $? = 0
configure:10947: gcc -shared  -fPIC -DPIC conftest.o  -v -Wl,-soname -Wl,conftest -o conftest 2\>\&1 \| /bin/grep  -lc  \>/dev/null 2\>\&1
configure:10950: $? = 0
configure:10964: result: no
configure:11124: checking dynamic linker characteristics
configure:11705: gcc -o conftest -g -O2   -Wl,-rpath -Wl,/foo conftest.c  >&5
configure:11705: $? = 0
configure:11954: result: GNU/Linux ld.so
configure:12076: checking how to hardcode library paths into programs
configure:12101: result: immediate
configure:12649: checking whether stripping libraries is possible
configure:12654: result: yes
configure:12689: checking if libtool supports shared libraries
configure:12691: result: yes
configure:12694: checking whether to build shared libraries
configure:12719: result: yes
configure:12722: checking whether to build static libraries
configure:12726: result: yes
configure:12749: checking how to run the C++ preprocessor
configure:12776: g++ -E  conftest.cpp
configure:12776: $? = 0
configure:12790: g++ -E  conftest.cpp
conftest.cpp:23:28: fatal error: ac_nonexistent.h: No such file or directory
compilation terminated.
configure:12790: $? = 1
configure: failed program was:
| /* confdefs.h */
| #define PACKAGE_NAME "ethercat"
| #define PACKAGE_TARNAME "ethercat"
| #define PACKAGE_VERSION "1.5.2"
| #define PACKAGE_STRING "ethercat 1.5.2"
| #define PACKAGE_BUGREPORT "fp@igh-essen.com"
| #define PACKAGE_URL ""
| #define PACKAGE "ethercat"
| #define VERSION "1.5.2"
| #define STDC_HEADERS 1
| #define HAVE_SYS_TYPES_H 1
| #define HAVE_SYS_STAT_H 1
| #define HAVE_STDLIB_H 1
| #define HAVE_STRING_H 1
| #define HAVE_MEMORY_H 1
| #define HAVE_STRINGS_H 1
| #define HAVE_INTTYPES_H 1
| #define HAVE_STDINT_H 1
| #define HAVE_UNISTD_H 1
| #define HAVE_DLFCN_H 1
| #define LT_OBJDIR ".libs/"
| /* end confdefs.h.  */
| #include <ac_nonexistent.h>
configure:12815: result: g++ -E
configure:12835: g++ -E  conftest.cpp
configure:12835: $? = 0
configure:12849: g++ -E  conftest.cpp
conftest.cpp:23:28: fatal error: ac_nonexistent.h: No such file or directory
compilation terminated.
configure:12849: $? = 1
configure: failed program was:
| /* confdefs.h */
| #define PACKAGE_NAME "ethercat"
| #define PACKAGE_TARNAME "ethercat"
| #define PACKAGE_VERSION "1.5.2"
| #define PACKAGE_STRING "ethercat 1.5.2"
| #define PACKAGE_BUGREPORT "fp@igh-essen.com"
| #define PACKAGE_URL ""
| #define PACKAGE "ethercat"
| #define VERSION "1.5.2"
| #define STDC_HEADERS 1
| #define HAVE_SYS_TYPES_H 1
| #define HAVE_SYS_STAT_H 1
| #define HAVE_STDLIB_H 1
| #define HAVE_STRING_H 1
| #define HAVE_MEMORY_H 1
| #define HAVE_STRINGS_H 1
| #define HAVE_INTTYPES_H 1
| #define HAVE_STDINT_H 1
| #define HAVE_UNISTD_H 1
| #define HAVE_DLFCN_H 1
| #define LT_OBJDIR ".libs/"
| /* end confdefs.h.  */
| #include <ac_nonexistent.h>
configure:13011: checking for ld used by g++
configure:13078: result: /usr/bin/ld -m elf_x86_64
configure:13085: checking if the linker (/usr/bin/ld -m elf_x86_64) is GNU ld
configure:13100: result: yes
configure:13155: checking whether the g++ linker (/usr/bin/ld -m elf_x86_64) supports shared libraries
configure:14228: result: yes
configure:14264: g++ -c -g -O2  conftest.cpp >&5
configure:14267: $? = 0
configure:14748: checking for g++ option to produce PIC
configure:14755: result: -fPIC -DPIC
configure:14763: checking if g++ PIC flag -fPIC -DPIC works
configure:14781: g++ -c -g -O2  -fPIC -DPIC -DPIC conftest.cpp >&5
configure:14785: $? = 0
configure:14798: result: yes
configure:14821: checking if g++ static flag -static works
configure:14849: result: yes
configure:14861: checking if g++ supports -c -o file.o
configure:14882: g++ -c -g -O2  -o out/conftest2.o conftest.cpp >&5
configure:14886: $? = 0
configure:14908: result: yes
configure:14913: checking if g++ supports -c -o file.o
configure:14960: result: yes
configure:14990: checking whether the g++ linker (/usr/bin/ld -m elf_x86_64) supports shared libraries
configure:15033: result: yes
configure:15174: checking dynamic linker characteristics
configure:15931: result: GNU/Linux ld.so
configure:15996: checking how to hardcode library paths into programs
configure:16021: result: immediate
configure:16087: checking whether to build kernel modules
configure:16109: result: yes
configure:16153: checking for Linux kernel sources
configure:16190: result: /home/baek/Documents/linux-4.9.38 (Kernel 4.9)
configure:16211: checking for Linux modules installation directory
configure:16213: result: ethercat
configure:16506: checking for kernel for e1000e driver
configure:16520: result: 4.9
configure:16524: checking for e1000e source layout
configure:16531: result: >= 3.10
configure:16823: checking whether to build the CCAT driver
configure:16848: result: no
configure:16883: checking for RTAI path
configure:16887: result: not specified.
configure:16938: checking for Xenomai path
configure:16942: result: not specified.
configure:17036: checking whether to build RTDM interface
configure:17046: result: no
configure:17065: checking whether to build the debug interface
configure:17093: result: no
configure:17112: checking whether to build the debug ring
configure:17140: result: no
configure:17148: checking whether to build with EoE support
configure:17176: result: no
configure:17195: checking whether to use the CPU timestamp counter
configure:17223: result: no
configure:17231: checking whether to use rtmutexes
configure:17256: result: yes
configure:17267: checking whether to use high-resolution timers for scheduling
configure:17295: result: no
configure:17303: checking whether to read alias addresses from registers
configure:17331: result: no
configure:17339: checking whether to force the reference clock to OP
configure:17367: result: no
configure:17375: checking whether to build the command-line tool
configure:17397: result: yes
configure:17417: checking whether to build the mailbox gateway server
configure:17439: result: yes
configure:17459: checking whether to build the userspace library
configure:17481: result: yes
configure:17501: checking whether to build the tty driver
configure:17526: result: no
configure:17545: checking whether to allow identification wildcards
configure:17573: result: no
configure:17595: checking for number of Ethernet devices
configure:17605: result: 1 (Redundancy disabled)
configure:17620: checking whether to assign the SII to PDI
configure:17645: result: yes
configure:17656: checking whether to cache the SII for re-use
configure:17681: result: yes
configure:17692: checking whether to allow quick OP
configure:17717: result: yes
configure:17728: checking whether to load SII locally if available
configure:17772: result: no
configure:17780: checking whether to syslog in realtime context
configure:17805: result: yes
configure:17816: checking whether to use loop control registers
configure:17844: result: no
configure:17961: checking that generated files are newer than configure
configure:17967: result: done
configure:18078: creating ./config.status

## ---------------------- ##
## Running config.status. ##
## ---------------------- ##

This file was extended by ethercat config.status 1.5.2, which was
generated by GNU Autoconf 2.69.  Invocation command line was

  CONFIG_FILES    = 
  CONFIG_HEADERS  = 
  CONFIG_LINKS    = 
  CONFIG_COMMANDS = 
  $ ./config.status 

on baek

config.status:1282: creating Doxyfile
config.status:1282: creating Kbuild
config.status:1282: creating Makefile
config.status:1282: creating devices/Kbuild
config.status:1282: creating devices/Makefile
config.status:1282: creating devices/ccat/Kbuild
config.status:1282: creating devices/ccat/Makefile
config.status:1282: creating devices/cx2100/Kbuild
config.status:1282: creating devices/cx2100/Makefile
config.status:1282: creating devices/e1000/Kbuild
config.status:1282: creating devices/e1000/Makefile
config.status:1282: creating devices/e1000e/Kbuild
config.status:1282: creating devices/e1000e/Makefile
config.status:1282: creating devices/igb/Kbuild
config.status:1282: creating devices/igb/Makefile
config.status:1282: creating ethercat.spec
config.status:1282: creating examples/Kbuild
config.status:1282: creating examples/Makefile
config.status:1282: creating examples/dc_rtai/Kbuild
config.status:1282: creating examples/dc_rtai/Makefile
config.status:1282: creating examples/dc_user/Makefile
config.status:1282: creating examples/mini/Kbuild
config.status:1282: creating examples/mini/Makefile
config.status:1282: creating examples/rtai/Kbuild
config.status:1282: creating examples/rtai/Makefile
config.status:1282: creating examples/rtai_rtdm/Makefile
config.status:1282: creating examples/rtai_rtdm_dc/Makefile
config.status:1282: creating examples/tty/Kbuild
config.status:1282: creating examples/tty/Makefile
config.status:1282: creating examples/user/Makefile
config.status:1282: creating examples/xenomai/Makefile
config.status:1282: creating examples/xenomai_posix/Makefile
config.status:1282: creating include/Makefile
config.status:1282: creating lib/Makefile
config.status:1282: creating m4/Makefile
config.status:1282: creating master/Kbuild
config.status:1282: creating master/Makefile
config.status:1282: creating script/Makefile
config.status:1282: creating script/ethercat.service
config.status:1282: creating script/ethercatctl
config.status:1282: creating script/init.d/Makefile
config.status:1282: creating script/init.d/ethercat
config.status:1282: creating script/sysconfig/Makefile
config.status:1282: creating tool/Makefile
config.status:1282: creating mailbox_gateway/Makefile
config.status:1282: creating tty/Kbuild
config.status:1282: creating tty/Makefile
config.status:1282: creating config.h
config.status:1511: executing depfiles commands
config.status:1511: executing libtool commands

## ---------------- ##
## Cache variables. ##
## ---------------- ##

ac_cv_build=x86_64-pc-linux-gnu
ac_cv_c_compiler_gnu=yes
ac_cv_cxx_compiler_gnu=yes
ac_cv_env_CCC_set=
ac_cv_env_CCC_value=
ac_cv_env_CC_set=
ac_cv_env_CC_value=
ac_cv_env_CFLAGS_set=
ac_cv_env_CFLAGS_value=
ac_cv_env_CPPFLAGS_set=
ac_cv_env_CPPFLAGS_value=
ac_cv_env_CPP_set=
ac_cv_env_CPP_value=
ac_cv_env_CXXCPP_set=
ac_cv_env_CXXCPP_value=
ac_cv_env_CXXFLAGS_set=
ac_cv_env_CXXFLAGS_value=
ac_cv_env_CXX_set=
ac_cv_env_CXX_value=
ac_cv_env_LDFLAGS_set=
ac_cv_env_LDFLAGS_value=
ac_cv_env_LIBS_set=
ac_cv_env_LIBS_value=
ac_cv_env_LT_SYS_LIBRARY_PATH_set=
ac_cv_env_LT_SYS_LIBRARY_PATH_value=
ac_cv_env_build_alias_set=
ac_cv_env_build_alias_value=
ac_cv_env_host_alias_set=
ac_cv_env_host_alias_value=
ac_cv_env_target_alias_set=
ac_cv_env_target_alias_value=
ac_cv_header_dlfcn_h=yes
ac_cv_header_inttypes_h=yes
ac_cv_header_memory_h=yes
ac_cv_header_stdc=yes
ac_cv_header_stdint_h=yes
ac_cv_header_stdlib_h=yes
ac_cv_header_string_h=yes
ac_cv_header_strings_h=yes
ac_cv_header_sys_stat_h=yes
ac_cv_header_sys_types_h=yes
ac_cv_header_unistd_h=yes
ac_cv_host=x86_64-pc-linux-gnu
ac_cv_objext=o
ac_cv_path_EGREP='/bin/grep -E'
ac_cv_path_FGREP='/bin/grep -F'
ac_cv_path_GREP=/bin/grep
ac_cv_path_SED=/bin/sed
ac_cv_path_install='/usr/bin/install -c'
ac_cv_path_lt_DD=/bin/dd
ac_cv_path_mkdir=/bin/mkdir
ac_cv_prog_AWK=mawk
ac_cv_prog_CPP='gcc -E'
ac_cv_prog_CXXCPP='g++ -E'
ac_cv_prog_ac_ct_AR=ar
ac_cv_prog_ac_ct_CC=gcc
ac_cv_prog_ac_ct_CXX=g++
ac_cv_prog_ac_ct_MANIFEST_TOOL=mt
ac_cv_prog_ac_ct_OBJDUMP=objdump
ac_cv_prog_ac_ct_RANLIB=ranlib
ac_cv_prog_ac_ct_STRIP=strip
ac_cv_prog_cc_c89=
ac_cv_prog_cc_g=yes
ac_cv_prog_cxx_g=yes
ac_cv_prog_make_make_set=yes
am_cv_CC_dependencies_compiler_type=gcc3
am_cv_CXX_dependencies_compiler_type=gcc3
am_cv_ar_interface=ar
am_cv_make_support_nested_variables=yes
am_cv_prog_cc_c_o=yes
lt_cv_ar_at_file=@
lt_cv_archive_cmds_need_lc=no
lt_cv_deplibs_check_method=pass_all
lt_cv_file_magic_cmd='$MAGIC_CMD'
lt_cv_file_magic_test_file=
lt_cv_ld_reload_flag=-r
lt_cv_nm_interface='BSD nm'
lt_cv_objdir=.libs
lt_cv_path_LD=/usr/bin/ld
lt_cv_path_LDCXX='/usr/bin/ld -m elf_x86_64'
lt_cv_path_NM='/usr/bin/nm -B'
lt_cv_path_mainfest_tool=no
lt_cv_prog_compiler_c_o=yes
lt_cv_prog_compiler_c_o_CXX=yes
lt_cv_prog_compiler_pic='-fPIC -DPIC'
lt_cv_prog_compiler_pic_CXX='-fPIC -DPIC'
lt_cv_prog_compiler_pic_works=yes
lt_cv_prog_compiler_pic_works_CXX=yes
lt_cv_prog_compiler_rtti_exceptions=no
lt_cv_prog_compiler_static_works=yes
lt_cv_prog_compiler_static_works_CXX=yes
lt_cv_prog_gnu_ld=yes
lt_cv_prog_gnu_ldcxx=yes
lt_cv_sharedlib_from_linklib_cmd='printf %s\n'
lt_cv_shlibpath_overrides_runpath=no
lt_cv_sys_global_symbol_pipe='sed -n -e '\''s/^.*[	 ]\([ABCDGIRSTW][ABCDGIRSTW]*\)[	 ][	 ]*\([_A-Za-z][_A-Za-z0-9]*\)$/\1 \2 \2/p'\'' | sed '\''/ __gnu_lto/d'\'''
lt_cv_sys_global_symbol_to_c_name_address='sed -n -e '\''s/^: \(.*\) .*$/  {"\1", (void *) 0},/p'\'' -e '\''s/^[ABCDGIRSTW][ABCDGIRSTW]* .* \(.*\)$/  {"\1", (void *) \&\1},/p'\'''
lt_cv_sys_global_symbol_to_c_name_address_lib_prefix='sed -n -e '\''s/^: \(.*\) .*$/  {"\1", (void *) 0},/p'\'' -e '\''s/^[ABCDGIRSTW][ABCDGIRSTW]* .* \(lib.*\)$/  {"\1", (void *) \&\1},/p'\'' -e '\''s/^[ABCDGIRSTW][ABCDGIRSTW]* .* \(.*\)$/  {"lib\1", (void *) \&\1},/p'\'''
lt_cv_sys_global_symbol_to_cdecl='sed -n -e '\''s/^T .* \(.*\)$/extern int \1();/p'\'' -e '\''s/^[ABCDGIRSTW][ABCDGIRSTW]* .* \(.*\)$/extern char \1;/p'\'''
lt_cv_sys_global_symbol_to_import=
lt_cv_sys_max_cmd_len=1572864
lt_cv_to_host_file_cmd=func_convert_file_noop
lt_cv_to_tool_file_cmd=func_convert_file_noop
lt_cv_truncate_bin='/bin/dd bs=4096 count=1'

## ----------------- ##
## Output variables. ##
## ----------------- ##

ACLOCAL='${SHELL} /usr/src/etherlab/autoconf/missing aclocal-1.15'
AMDEPBACKSLASH='\'
AMDEP_FALSE='#'
AMDEP_TRUE=''
AMTAR='$${TAR-tar}'
AM_BACKSLASH='\'
AM_DEFAULT_V='$(AM_DEFAULT_VERBOSITY)'
AM_DEFAULT_VERBOSITY='1'
AM_V='$(V)'
AR='ar'
AUTOCONF='${SHELL} /usr/src/etherlab/autoconf/missing autoconf'
AUTOHEADER='${SHELL} /usr/src/etherlab/autoconf/missing autoheader'
AUTOMAKE='${SHELL} /usr/src/etherlab/autoconf/missing automake-1.15'
AWK='mawk'
BUILD_MBG_FALSE='#'
BUILD_MBG_TRUE=''
BUILD_TOOL_FALSE='#'
BUILD_TOOL_TRUE=''
CC='gcc'
CCDEPMODE='depmode=gcc3'
CFLAGS='-g -O2'
CPP='gcc -E'
CPPFLAGS=''
CXX='g++'
CXXCPP='g++ -E'
CXXDEPMODE='depmode=gcc3'
CXXFLAGS='-g -O2'
CYGPATH_W='echo'
DEFS='-DHAVE_CONFIG_H'
DEPDIR='.deps'
DLLTOOL='false'
DSYMUTIL=''
DUMPBIN=''
E1000E_LAYOUT='2'
ECHO_C=''
ECHO_N='-n'
ECHO_T=''
EGREP='/bin/grep -E'
ENABLE_8139TOO='0'
ENABLE_8139TOO_FALSE=''
ENABLE_8139TOO_TRUE='#'
ENABLE_CCAT='0'
ENABLE_CCAT_FALSE=''
ENABLE_CCAT_TRUE='#'
ENABLE_CX2100='0'
ENABLE_CX2100_FALSE=''
ENABLE_CX2100_TRUE='#'
ENABLE_DEBUG_IF='0'
ENABLE_DEBUG_IF_FALSE=''
ENABLE_DEBUG_IF_TRUE='#'
ENABLE_E1000='0'
ENABLE_E1000E='1'
ENABLE_E1000E_FALSE='#'
ENABLE_E1000E_TRUE=''
ENABLE_E1000_FALSE=''
ENABLE_E1000_TRUE='#'
ENABLE_E100='0'
ENABLE_E100_FALSE=''
ENABLE_E100_TRUE='#'
ENABLE_EOE='0'
ENABLE_EOE_FALSE=''
ENABLE_EOE_TRUE='#'
ENABLE_GENERIC='1'
ENABLE_GENERIC_FALSE='#'
ENABLE_GENERIC_TRUE=''
ENABLE_IGB='0'
ENABLE_IGB_FALSE=''
ENABLE_IGB_TRUE='#'
ENABLE_KERNEL='1'
ENABLE_KERNEL_FALSE='#'
ENABLE_KERNEL_TRUE=''
ENABLE_R8152='0'
ENABLE_R8152_FALSE=''
ENABLE_R8152_TRUE='#'
ENABLE_R8169='0'
ENABLE_R8169_FALSE=''
ENABLE_R8169_TRUE='#'
ENABLE_RTAI='0'
ENABLE_RTAI_FALSE=''
ENABLE_RTAI_TRUE='#'
ENABLE_RTDM='0'
ENABLE_RTDM_FALSE=''
ENABLE_RTDM_TRUE='#'
ENABLE_TTY='0'
ENABLE_TTY_FALSE=''
ENABLE_TTY_TRUE='#'
ENABLE_USERLIB_FALSE='#'
ENABLE_USERLIB_TRUE=''
ENABLE_XENOMAI='0'
ENABLE_XENOMAI_FALSE=''
ENABLE_XENOMAI_TRUE='#'
ENABLE_XENOMAI_V3=''
ENABLE_XENOMAI_V3_FALSE=''
ENABLE_XENOMAI_V3_TRUE='#'
EXEEXT=''
FGREP='/bin/grep -F'
GREP='/bin/grep'
INSTALL_DATA='${INSTALL} -m 644'
INSTALL_MOD_DIR='ethercat'
INSTALL_PROGRAM='${INSTALL}'
INSTALL_SCRIPT='${INSTALL}'
INSTALL_STRIP_PROGRAM='$(install_sh) -c -s'
KERNEL_8139TOO='4.9'
KERNEL_CX2100='4.9'
KERNEL_E1000='4.9'
KERNEL_E1000E='4.9'
KERNEL_E100='4.9'
KERNEL_IGB='4.9'
KERNEL_R8152='4.9'
KERNEL_R8169='4.9'
LD='/usr/bin/ld -m elf_x86_64'
LDFLAGS=''
LIBOBJS=''
LIBS=''
LIBTOOL='$(SHELL) $(top_builddir)/libtool'
LINUX_SOURCE_DIR='/home/baek/Documents/linux-4.9.38'
LIPO=''
LN_S='ln -s'
LTLIBOBJS=''
LT_SYS_LIBRARY_PATH=''
MAKEINFO='${SHELL} /usr/src/etherlab/autoconf/missing makeinfo'
MANIFEST_TOOL=':'
MKDIR_P='/bin/mkdir -p'
NM='/usr/bin/nm -B'
NMEDIT=''
OBJDUMP='objdump'
OBJEXT='o'
OTOOL64=''
OTOOL=''
PACKAGE='ethercat'
PACKAGE_BUGREPORT='fp@igh-essen.com'
PACKAGE_NAME='ethercat'
PACKAGE_STRING='ethercat 1.5.2'
PACKAGE_TARNAME='ethercat'
PACKAGE_URL=''
PACKAGE_VERSION='1.5.2'
PATH_SEPARATOR=':'
RANLIB='ranlib'
RTAI_DIR=''
RTAI_LXRT_CFLAGS=''
RTAI_LXRT_LDFLAGS=''
SED='/bin/sed'
SET_MAKE=''
SHELL='/bin/bash'
STRIP='strip'
VERSION='1.5.2'
XENOMAI_ALCHEMY_CFLAGS=''
XENOMAI_ALCHEMY_LDFLAGS=''
XENOMAI_DIR=''
XENOMAI_NATIVE_CFLAGS=''
XENOMAI_NATIVE_LDFLAGS=''
XENOMAI_POSIX_CFLAGS=''
XENOMAI_POSIX_LDFLAGS=''
XENOMAI_RTDM_CFLAGS=''
XENOMAI_RTDM_LDFLAGS=''
ac_ct_AR='ar'
ac_ct_CC='gcc'
ac_ct_CXX='g++'
ac_ct_DUMPBIN=''
am__EXEEXT_FALSE=''
am__EXEEXT_TRUE='#'
am__fastdepCC_FALSE='#'
am__fastdepCC_TRUE=''
am__fastdepCXX_FALSE='#'
am__fastdepCXX_TRUE=''
am__include='include'
am__isrc=''
am__leading_dot='.'
am__nodep='_no'
am__quote=''
am__tar='$${TAR-tar} chof - "$$tardir"'
am__untar='$${TAR-tar} xf -'
bindir='${exec_prefix}/bin'
build='x86_64-pc-linux-gnu'
build_alias=''
build_cpu='x86_64'
build_os='linux-gnu'
build_vendor='pc'
datadir='${datarootdir}'
datarootdir='${prefix}/share'
docdir='${datarootdir}/doc/${PACKAGE_TARNAME}'
dvidir='${docdir}'
exec_prefix='${prefix}'
host='x86_64-pc-linux-gnu'
host_alias=''
host_cpu='x86_64'
host_os='linux-gnu'
host_vendor='pc'
htmldir='${docdir}'
includedir='${prefix}/include'
infodir='${datarootdir}/info'
install_sh='${SHELL} /usr/src/etherlab/autoconf/install-sh'
libdir='${exec_prefix}/lib'
libexecdir='${exec_prefix}/libexec'
localedir='${datarootdir}/locale'
localstatedir='${prefix}/var'
mandir='${datarootdir}/man'
mkdir_p='$(MKDIR_P)'
oldincludedir='/usr/include'
pdfdir='${docdir}'
prefix='/usr/local'
program_transform_name='s,x,x,'
psdir='${docdir}'
runstatedir='${localstatedir}/run'
sbindir='${exec_prefix}/sbin'
sharedstatedir='${prefix}/com'
sysconfdir='${prefix}/etc'
target_alias=''

## ----------- ##
## confdefs.h. ##
## ----------- ##

/* confdefs.h */
#define PACKAGE_NAME "ethercat"
#define PACKAGE_TARNAME "ethercat"
#define PACKAGE_VERSION "1.5.2"
#define PACKAGE_STRING "ethercat 1.5.2"
#define PACKAGE_BUGREPORT "fp@igh-essen.com"
#define PACKAGE_URL ""
#define PACKAGE "ethercat"
#define VERSION "1.5.2"
#define STDC_HEADERS 1
#define HAVE_SYS_TYPES_H 1
#define HAVE_SYS_STAT_H 1
#define HAVE_STDLIB_H 1
#define HAVE_STRING_H 1
#define HAVE_MEMORY_H 1
#define HAVE_STRINGS_H 1
#define HAVE_INTTYPES_H 1
#define HAVE_STDINT_H 1
#define HAVE_UNISTD_H 1
#define HAVE_DLFCN_H 1
#define LT_OBJDIR ".libs/"
#define EC_USE_RTMUTEX 1
#define EC_MAX_NUM_DEVICES 1
#define EC_SII_ASSIGN 1
#define EC_SII_CACHE 1
#define EC_QUICK_OP 1
#define EC_RT_SYSLOG 1

configure: exit 0
